<?xml version="1.0" encoding="UTF-8"?>
<!-- Generated by org.testng.reporters.JUnitReportReporter -->
<testsuite hostname="LAPTOP-O2KMHTIH" failures="0" tests="4" name="libraryAPI.AddBook" time="4.681" errors="0" timestamp="2022-10-26T14:19:15 IST" skipped="0">
  <testcase classname="libraryAPI.AddBook" name="addBook" time="0.612"/>
  <system-out/>
  <testcase classname="libraryAPI.AddBook" name="addBook" time="2.687"/>
  <system-out/>
  <testcase classname="libraryAPI.AddBook" name="addBook" time="0.774"/>
  <system-out/>
  <testcase classname="libraryAPI.AddBook" name="addBook" time="0.608"/>
  <system-out/>
</testsuite> <!-- libraryAPI.AddBook -->
