<?xml version="1.0" encoding="UTF-8"?>
<!-- Generated by org.testng.reporters.JUnitReportReporter -->
<testsuite hostname="LAPTOP-O2KMHTIH" failures="0" tests="1" name="googlePlaceAPI.SumOfAllCources" time="0.972" errors="0" timestamp="2022-10-25T15:08:40 IST" skipped="0">
  <testcase classname="googlePlaceAPI.SumOfAllCources" name="sumOfAllCources" time="0.972"/>
  <system-out/>
</testsuite> <!-- googlePlaceAPI.SumOfAllCources -->
